FAIL ./12DaysOfChristmas.test.js
  â— Test suite failed to run

    ReferenceError: TwelveDaysOfChristmasSong is not defined

      5 | }
      6 | 
    > 7 | module.exports = TwelveDaysOfChristmasSong;
        |                  ^
      8 | 

      at Object.<anonymous> (12DaysOfChristmas.js:7:18)
      at Object.<anonymous> (12DaysOfChristmas.test.js:3:35)

Test Suites: 1 failed, 1 total
Tests:       0 total
Snapshots:   0 total
Time:        1.409 s
Ran all test suites.
npm ERR! code ELIFECYCLE
npm ERR! errno 1
npm ERR! @ test: `jest --coverage`
npm ERR! Exit status 1
npm ERR! 
npm ERR! Failed at the @ test script.
npm ERR! This is probably not a problem with npm. There is likely additional logging output above.

npm ERR! A complete log of this run can be found in:
npm ERR!     /home/sandbox/.npm/_logs/2023-02-05T08_44_18_557Z-debug.log
